<?xml version="1.0" encoding="utf-8"?><testsuites name="pytest tests"><testsuite name="pytest" errors="0" failures="0" skipped="0" tests="14" time="2.957" timestamp="2026-04-20T12:58:51.990628+00:00" hostname="agent-env-36bd14b2-5cce-43e3-88b5-571fcc2e4ce1"><testcase classname="backend.tests.backend_test" name="test_root" time="0.270" /><testcase classname="backend.tests.backend_test.TestProducts" name="test_list_products_seed" time="0.046" /><testcase classname="backend.tests.backend_test.TestProducts" name="test_filter_featured" time="0.046" /><testcase classname="backend.tests.backend_test.TestProducts" name="test_filter_category" time="0.045" /><testcase classname="backend.tests.backend_test.TestProducts" name="test_get_single_product" time="0.088" /><testcase classname="backend.tests.backend_test.TestProducts" name="test_get_product_404" time="0.056" /><testcase classname="backend.tests.backend_test.TestOrders" name="test_create_order" time="0.104" /><testcase classname="backend.tests.backend_test.TestOrders" name="test_list_orders" time="0.042" /><testcase classname="backend.tests.backend_test.TestCustomOrders" name="test_create_custom_order_no_image" time="0.058" /><testcase classname="backend.tests.backend_test.TestCustomOrders" name="test_create_custom_order_with_image" time="0.043" /><testcase classname="backend.tests.backend_test.TestCustomOrders" name="test_list_custom_orders" time="0.045" /><testcase classname="backend.tests.backend_test" name="test_contact_create" time="0.062" /><testcase classname="backend.tests.backend_test" name="test_stats" time="0.046" /><testcase classname="backend.tests.backend_test" name="test_chat" time="1.880" /></testsuite></testsuites>